

 LOG file opened at 12/24/24 12:54:22

Total Number of Files=1

Data File: employees_data1.csv

Log File: EMPLOYEES_EXT_6260_17580.log



 LOG file opened at 12/24/24 12:54:22

Bad File: EMPLOYEES_EXT_6260_17580.bad

Field Definitions for table EMPLOYEES_EXT
  Record format DELIMITED BY NEWLINE
  Data in file has same endianness as the platform
  Rows with all null fields are accepted

  Fields in Data Source: 

    EMP_ID                          CHAR (255)
      Terminated by ","
      Enclosed by """ and """
      Trim whitespace same as SQL Loader
    FIRST_NAME                      CHAR (255)
      Terminated by ","
      Enclosed by """ and """
      Trim whitespace same as SQL Loader
    JOB_ID                          CHAR (255)
      Terminated by ","
      Enclosed by """ and """
      Trim whitespace same as SQL Loader
